<?xml version="1.0" encoding="UTF-8"?>
<!-- Generated by org.testng.reporters.JUnitReportReporter -->
<testsuite hostname="DESKTOP-5ARUH46" failures="0" tests="3" name="casestudy.testng" time="39.018" errors="0" timestamp="20 Oct 2022 11:49:41 GMT">
  <testcase classname="casestudy.testng" name="testcase3" time="26.422"/>
  <testcase classname="casestudy.testng" name="testcase2" time="4.874"/>
  <testcase classname="casestudy.testng" name="testcase1" time="7.722"/>
</testsuite> <!-- casestudy.testng -->
