<?xml version="1.0" encoding="UTF-8"?>
<!-- Generated by org.testng.reporters.JUnitReportReporter -->
<testsuite hostname="DESKTOP-5ARUH46" failures="0" tests="3" name="casestudy.testng" time="78.029" errors="0" timestamp="20 Oct 2022 12:26:55 GMT">
  <testcase classname="casestudy.testng" name="testcase1" time="16.094"/>
  <testcase classname="casestudy.testng" name="testcase2" time="1.388"/>
  <testcase classname="casestudy.testng" name="testcase3" time="60.547"/>
</testsuite> <!-- casestudy.testng -->
